[LicensingClient] ERROR Failed to connect to local IPC
[Licensing::Module] Failed to connect to channel: LicenseClient-jbonaguro
Launching external process: /Applications/Unity/Hub/Editor/2019.3.1f1/Unity.app/Contents/Frameworks/UnityLicensingClient.app/Contents/Resources/Unity.Licensing.Client
[Licensing::Module] Successfully launched the LicensingClient
[Licensing::Module] Successfully connected to LicensingClient on channel: LicenseClient-jbonaguro
[Licensing::Module] Successfully launched and connected to LicensingClient
Entitlement-based licensing initiated
[LicensingClient] Licenses Updated successfully in LicensingClient
DisplayProgressbar: Unity license

LICENSE SYSTEM [2020219 17:21:59] Next license update check is after 2020-02-20T04:00:02

[Licensing::Module] Serial number assigned to: "F4-6GBY-6ZA3-VYYE-JH8F-XXXX"\n[Package Manager] Server::Start -- Port 58006 was selected
Launching external process: /Applications/Unity/Hub/Editor/2019.3.1f1/Unity.app/Contents/Resources/PackageManager/Server/UnityPackageManager

 COMMAND LINE ARGUMENTS:
/Applications/Unity/Hub/Editor/2019.3.1f1/Unity.app/Contents/MacOS/Unity
-quit
-batchmode
-logFile
./out.log
-projectPath
.
-executeMethod
WebGLBuilder.build
Couldn't set project path to: /Users/jbonaguro/New Unity Project/Assets 
(Filename: ./Runtime/Utilities/Argv.cpp Line: 361)

[Package Manager] Server::Kill -- Server was shutdown
